<?xml version="1.0" encoding="UTF-8"?>
<!-- Generated by org.testng.reporters.JUnitReportReporter -->
<testsuite hostname="bpms" name="ricardojudo.solar_village.domain.HoaMeetingTest" tests="1" failures="0" timestamp="2 Feb 2018 00:10:32 GMT" time="0.001" errors="0">
  <testcase name="testSetDate_String" time="0.001" classname="ricardojudo.solar_village.domain.HoaMeetingTest"/>
</testsuite> <!-- ricardojudo.solar_village.domain.HoaMeetingTest -->
