<?xml version="1.0" encoding="UTF-8"?>
<!-- Generated by org.testng.reporters.JUnitReportReporter -->
<testsuite hostname="bpms" name="ricardojudo.solar_village.domain.PermitRequestTest" tests="6" failures="0" timestamp="2 Feb 2018 00:10:32 GMT" time="0.173" errors="0">
  <testcase name="testJsonMarshallingResponseInDenied" time="0.001" classname="ricardojudo.solar_village.domain.PermitRequestTest"/>
  <testcase name="testJsonMarshallingResponseInProgress" time="0.000" classname="ricardojudo.solar_village.domain.PermitRequestTest"/>
  <testcase name="testJsonMarshallingResponseInElectricalType" time="0.001" classname="ricardojudo.solar_village.domain.PermitRequestTest"/>
  <testcase name="testJsonMarshallingRequest" time="0.114" classname="ricardojudo.solar_village.domain.PermitRequestTest"/>
  <testcase name="testJsonMarshallingResponseInApproved" time="0.057" classname="ricardojudo.solar_village.domain.PermitRequestTest"/>
  <testcase name="testJsonMarshallingResponseInStructuralType" time="0.000" classname="ricardojudo.solar_village.domain.PermitRequestTest"/>
</testsuite> <!-- ricardojudo.solar_village.domain.PermitRequestTest -->
